{
  "RSpec": {
    "coverage": {
      "/Users/mrjaimisra/Turing/Module4/final-assessment/app/helpers/application_helper.rb": [
        1,
        null
      ],
      "/Users/mrjaimisra/Turing/Module4/final-assessment/app/helpers/users_helper.rb": [
        1,
        null
      ],
      "/Users/mrjaimisra/Turing/Module4/final-assessment/app/controllers/users_controller.rb": [
        1,
        1,
        1,
        null,
        null,
        1,
        1,
        null,
        1,
        1,
        1,
        1,
        null,
        0,
        null,
        null,
        null,
        1,
        null,
        1,
        1,
        null,
        null
      ],
      "/Users/mrjaimisra/Turing/Module4/final-assessment/app/controllers/application_controller.rb": [
        1,
        null,
        null,
        1,
        null,
        1,
        null,
        1,
        null,
        1,
        147,
        null,
        null,
        1,
        18,
        0,
        null,
        18,
        null,
        null,
        null,
        1,
        5,
        0,
        0,
        null,
        null,
        null
      ],
      "/Users/mrjaimisra/Turing/Module4/final-assessment/app/models/user.rb": [
        1,
        1,
        null,
        1,
        null,
        1,
        1,
        null
      ],
      "/Users/mrjaimisra/Turing/Module4/final-assessment/app/models/link.rb": [
        1,
        null,
        1,
        1,
        null,
        1,
        1,
        null,
        1,
        null,
        1,
        0,
        null,
        null
      ],
      "/Users/mrjaimisra/Turing/Module4/final-assessment/app/models/url_validator.rb": [
        1,
        1,
        12,
        3,
        null,
        null,
        null,
        1,
        null,
        1,
        12,
        12,
        null,
        0,
        null,
        null,
        null
      ],
      "/Users/mrjaimisra/Turing/Module4/final-assessment/app/controllers/welcome_controller.rb": [
        1,
        1,
        null,
        null
      ],
      "/Users/mrjaimisra/Turing/Module4/final-assessment/app/controllers/sessions_controller.rb": [
        1,
        1,
        null,
        null,
        1,
        8,
        8,
        8,
        8,
        8,
        null,
        0,
        0,
        null,
        null,
        null,
        1,
        1,
        1,
        null,
        null
      ],
      "/Users/mrjaimisra/Turing/Module4/final-assessment/app/controllers/users/links_controller.rb": [
        1,
        1,
        1,
        null,
        1,
        17,
        17,
        17,
        null,
        null,
        1,
        4,
        4,
        4,
        4,
        null,
        4,
        1,
        null,
        3,
        null,
        null,
        null,
        1,
        3,
        null,
        null,
        1,
        2,
        2,
        1,
        null,
        1,
        1,
        null,
        null,
        null,
        1,
        0,
        0,
        0,
        0,
        null,
        null,
        1,
        0,
        0,
        0,
        0,
        null,
        null,
        1,
        null,
        1,
        6,
        null,
        null,
        1,
        5,
        null,
        null,
        1,
        14,
        null,
        null
      ],
      "/Users/mrjaimisra/Turing/Module4/final-assessment/app/controllers/users/users_controller.rb": [
        1,
        null
      ]
    },
    "timestamp": 1447890436
  }
}
